\BOOKMARK [1][-]{section*.2}{\376\377\0000\0000\000.\000\040\000I\000n\000t\000r\000o\000d\000u\000c\000t\000i\000o\000n\000\040\000t\000o\000\040\000V\000i\000m}{}% 1
\BOOKMARK [1][-]{section*.42}{\376\377\0000\0001\000.\000\040\000A\000b\000o\000u\000t\000\040\000t\000h\000e\000\040\000m\000a\000n\000u\000a\000l\000s}{}% 2
\BOOKMARK [1][-]{section*.49}{\376\377\0000\0002\000.\000\040\000T\000h\000e\000\040\000f\000i\000r\000s\000t\000\040\000s\000t\000e\000p\000s\000\040\000i\000n\000\040\000V\000i\000m}{}% 3
\BOOKMARK [1][-]{section*.70}{\376\377\0000\0003\000.\000\040\000M\000o\000v\000i\000n\000g\000\040\000a\000r\000o\000u\000n\000d}{}% 4
\BOOKMARK [1][-]{section*.92}{\376\377\0000\0004\000.\000\040\000M\000a\000k\000i\000n\000g\000\040\000s\000m\000a\000l\000l\000\040\000c\000h\000a\000n\000g\000e\000s}{}% 5
\BOOKMARK [1][-]{section*.112}{\376\377\0000\0005\000.\000\040\000S\000e\000t\000\040\000y\000o\000u\000r\000\040\000s\000e\000t\000t\000i\000n\000g\000s}{}% 6
\BOOKMARK [1][-]{section*.138}{\376\377\0000\0006\000.\000\040\000U\000s\000i\000n\000g\000\040\000s\000y\000n\000t\000a\000x\000\040\000h\000i\000g\000h\000l\000i\000g\000h\000t\000i\000n\000g}{}% 7
\BOOKMARK [1][-]{section*.147}{\376\377\0000\0007\000.\000\040\000M\000o\000r\000e\000\040\000t\000h\000a\000n\000\040\000o\000n\000e\000\040\000f\000i\000l\000e}{}% 8
\BOOKMARK [1][-]{section*.164}{\376\377\0000\0008\000.\000\040\000S\000p\000l\000i\000t\000t\000i\000n\000g\000\040\000w\000i\000n\000d\000o\000w\000s}{}% 9
\BOOKMARK [1][-]{section*.185}{\376\377\0000\0009\000.\000\040\000U\000s\000i\000n\000g\000\040\000t\000h\000e\000\040\000G\000U\000I}{}% 10
\BOOKMARK [1][-]{section*.199}{\376\377\0001\0000\000.\000\040\000M\000a\000k\000i\000n\000g\000\040\000b\000i\000g\000\040\000c\000h\000a\000n\000g\000e\000s}{}% 11
\BOOKMARK [1][-]{section*.228}{\376\377\0001\0001\000.\000\040\000R\000e\000c\000o\000v\000e\000r\000i\000n\000g\000\040\000f\000r\000o\000m\000\040\000a\000\040\000c\000r\000a\000s\000h}{}% 12
\BOOKMARK [1][-]{section*.236}{\376\377\0001\0002\000.\000\040\000C\000l\000e\000v\000e\000r\000\040\000t\000r\000i\000c\000k\000s}{}% 13
\BOOKMARK [1][-]{section*.247}{\376\377\0002\0000\000.\000\040\000T\000y\000p\000i\000n\000g\000\040\000c\000o\000m\000m\000a\000n\000d\000-\000l\000i\000n\000e\000\040\000c\000o\000m\000m\000a\000n\000d\000s\000\040\000q\000u\000i\000c\000k\000l\000y}{}% 14
\BOOKMARK [1][-]{section*.260}{\376\377\0002\0001\000.\000\040\000G\000o\000\040\000a\000w\000a\000y\000\040\000a\000n\000d\000\040\000c\000o\000m\000e\000\040\000b\000a\000c\000k}{}% 15
\BOOKMARK [1][-]{section*.274}{\376\377\0002\0002\000.\000\040\000F\000i\000n\000d\000i\000n\000g\000\040\000t\000h\000e\000\040\000f\000i\000l\000e\000\040\000t\000o\000\040\000e\000d\000i\000t}{}% 16
\BOOKMARK [1][-]{section*.285}{\376\377\0002\0003\000.\000\040\000E\000d\000i\000t\000i\000n\000g\000\040\000o\000t\000h\000e\000r\000\040\000f\000i\000l\000e\000s}{}% 17
\BOOKMARK [1][-]{section*.298}{\376\377\0002\0004\000.\000\040\000I\000n\000s\000e\000r\000t\000i\000n\000g\000\040\000q\000u\000i\000c\000k\000l\000y}{}% 18
\BOOKMARK [1][-]{section*.318}{\376\377\0002\0005\000.\000\040\000E\000d\000i\000t\000i\000n\000g\000\040\000f\000o\000r\000m\000a\000t\000t\000e\000d\000\040\000t\000e\000x\000t}{}% 19
\BOOKMARK [1][-]{section*.343}{\376\377\0002\0007\000.\000\040\000S\000e\000a\000r\000c\000h\000\040\000c\000o\000m\000m\000a\000n\000d\000s\000\040\000a\000n\000d\000\040\000p\000a\000t\000t\000e\000r\000n\000s}{}% 20
\BOOKMARK [1][-]{section*.365}{\376\377\0002\0008\000.\000\040\000F\000o\000l\000d\000i\000n\000g}{}% 21
\BOOKMARK [1][-]{section*.376}{\376\377\0002\0009\000.\000\040\000M\000o\000v\000i\000n\000g\000\040\000t\000h\000r\000o\000u\000g\000h\000\040\000p\000r\000o\000g\000r\000a\000m\000s}{}% 22
\BOOKMARK [1][-]{section*.396}{\376\377\0003\0000\000.\000\040\000E\000d\000i\000t\000i\000n\000g\000\040\000p\000r\000o\000g\000r\000a\000m\000s}{}% 23
\BOOKMARK [1][-]{section*.414}{\376\377\0003\0001\000.\000\040\000E\000x\000p\000l\000o\000i\000t\000i\000n\000g\000\040\000t\000h\000e\000\040\000G\000U\000I}{}% 24
\BOOKMARK [1][-]{section*.422}{\376\377\0003\0002\000.\000\040\000T\000h\000e\000\040\000u\000n\000d\000o\000\040\000t\000r\000e\000e}{}% 25
\BOOKMARK [1][-]{section*.427}{\376\377\0004\0000\000.\000\040\000M\000a\000k\000e\000\040\000n\000e\000w\000\040\000c\000o\000m\000m\000a\000n\000d\000s}{}% 26
\BOOKMARK [1][-]{section*.453}{\376\377\0004\0001\000.\000\040\000W\000r\000i\000t\000e\000\040\000a\000\040\000V\000i\000m\000\040\000s\000c\000r\000i\000p\000t}{}% 27
\BOOKMARK [1][-]{section*.538}{\376\377\0004\0002\000.\000\040\000A\000d\000d\000\040\000n\000e\000w\000\040\000m\000e\000n\000u\000s}{}% 28
\BOOKMARK [1][-]{section*.554}{\376\377\0004\0003\000.\000\040\000U\000s\000i\000n\000g\000\040\000f\000i\000l\000e\000t\000y\000p\000e\000s}{}% 29
\BOOKMARK [1][-]{section*.559}{\376\377\0004\0004\000.\000\040\000Y\000o\000u\000r\000\040\000o\000w\000n\000\040\000s\000y\000n\000t\000a\000x\000\040\000h\000i\000g\000h\000l\000i\000g\000h\000t\000e\000d}{}% 30
\BOOKMARK [1][-]{section*.584}{\376\377\0004\0005\000.\000\040\000S\000e\000l\000e\000c\000t\000\040\000y\000o\000u\000r\000\040\000l\000a\000n\000g\000u\000a\000g\000e}{}% 31
\BOOKMARK [1][-]{section*.599}{\376\377\0009\0000\000.\000\040\000I\000n\000s\000t\000a\000l\000l\000i\000n\000g\000\040\000V\000i\000m}{}% 32
